TN:
SF:src\data\cards.ts
FNF:0
FNH:0
DA:3,1
LF:1
LH:1
BRF:0
BRH:0
end_of_record
TN:
SF:src\lib\saldoConsolidado.ts
FN:45,calcularSaldoConsolidado
FN:54,(anonymous_1)
FN:90,formatarMoedaBRL
FN:114,calcularJurosCompostos
FNF:4
FNH:4
FNDA:7,calcularSaldoConsolidado
FNDA:13,(anonymous_1)
FNDA:13,formatarMoedaBRL
FNDA:5,calcularJurosCompostos
DA:47,7
DA:50,7
DA:51,7
DA:54,7
DA:55,13
DA:57,13
DA:58,8
DA:59,5
DA:60,5
DA:65,7
DA:68,7
DA:70,7
DA:91,13
DA:119,5
DA:121,5
DA:122,5
DA:123,5
DA:125,5
LF:18
LH:18
BRDA:57,0,0,8
BRDA:57,0,1,5
BRDA:59,1,0,5
BRDA:59,1,1,0
BRF:4
BRH:3
end_of_record
TN:
SF:src\services\auth.ts
FN:13,(anonymous_0)
FN:22,(anonymous_1)
FN:34,(anonymous_2)
FN:40,(anonymous_3)
FN:42,(anonymous_4)
FN:54,(anonymous_5)
FN:56,(anonymous_6)
FN:65,(anonymous_7)
FN:79,(anonymous_8)
FN:86,(anonymous_9)
FN:86,(anonymous_10)
FN:88,(anonymous_11)
FN:88,(anonymous_12)
FNF:13
FNH:9
FNDA:8,(anonymous_0)
FNDA:5,(anonymous_1)
FNDA:4,(anonymous_2)
FNDA:5,(anonymous_3)
FNDA:6,(anonymous_4)
FNDA:6,(anonymous_5)
FNDA:4,(anonymous_6)
FNDA:4,(anonymous_7)
FNDA:5,(anonymous_8)
FNDA:0,(anonymous_9)
FNDA:0,(anonymous_10)
FNDA:0,(anonymous_11)
FNDA:0,(anonymous_12)
DA:11,1
DA:13,1
DA:14,8
DA:15,8
DA:16,8
DA:18,0
DA:22,1
DA:23,5
DA:34,1
DA:35,4
DA:36,4
DA:37,0
DA:40,5
DA:42,1
DA:43,6
DA:44,6
DA:47,1
DA:48,1
DA:49,1
DA:50,1
DA:53,5
DA:54,6
DA:55,5
DA:56,4
DA:57,4
DA:58,4
DA:59,4
DA:60,4
DA:61,4
DA:62,4
DA:65,1
DA:66,4
DA:67,4
DA:70,1
DA:71,1
DA:72,1
DA:73,1
DA:74,1
DA:75,1
DA:78,3
DA:79,5
DA:80,3
DA:81,2
DA:82,1
DA:83,1
DA:86,1
DA:88,1
LF:47
LH:45
BRDA:16,0,0,3
BRDA:16,0,1,5
BRDA:44,1,0,1
BRDA:44,1,1,5
BRDA:48,2,0,0
BRDA:48,2,1,1
BRDA:49,3,0,1
BRDA:49,3,1,0
BRDA:50,4,0,1
BRDA:50,4,1,0
BRDA:54,5,0,6
BRDA:54,5,1,5
BRDA:54,5,2,0
BRDA:55,6,0,1
BRDA:55,6,1,4
BRDA:67,7,0,1
BRDA:67,7,1,3
BRDA:71,8,0,0
BRDA:71,8,1,1
BRDA:72,9,0,1
BRDA:72,9,1,0
BRDA:73,10,0,1
BRDA:73,10,1,0
BRDA:73,10,2,0
BRDA:74,11,0,1
BRDA:74,11,1,0
BRDA:75,12,0,1
BRDA:75,12,1,0
BRDA:75,13,0,1
BRDA:75,13,1,0
BRDA:79,14,0,5
BRDA:79,14,1,3
BRDA:80,15,0,1
BRDA:80,15,1,2
BRDA:81,16,0,1
BRDA:81,16,1,1
BRF:36
BRH:25
end_of_record
TN:
SF:src\services\cards.ts
FN:7,(anonymous_0)
FN:11,(anonymous_1)
FN:16,(anonymous_2)
FN:26,(anonymous_3)
FN:34,(anonymous_4)
FN:36,(anonymous_5)
FN:48,(anonymous_6)
FN:50,(anonymous_7)
FN:53,(anonymous_8)
FN:58,(anonymous_9)
FN:72,(anonymous_10)
FN:77,(anonymous_11)
FN:84,(anonymous_12)
FN:89,(anonymous_13)
FN:93,(anonymous_14)
FN:95,(anonymous_15)
FN:97,(anonymous_16)
FN:105,(anonymous_17)
FN:126,(anonymous_18)
FN:128,(anonymous_19)
FN:130,(anonymous_20)
FN:133,(anonymous_21)
FNF:22
FNH:18
FNDA:17,(anonymous_0)
FNDA:11,(anonymous_1)
FNDA:8,(anonymous_2)
FNDA:3,(anonymous_3)
FNDA:9,(anonymous_4)
FNDA:4,(anonymous_5)
FNDA:1,(anonymous_6)
FNDA:1,(anonymous_7)
FNDA:2,(anonymous_8)
FNDA:5,(anonymous_9)
FNDA:1,(anonymous_10)
FNDA:6,(anonymous_11)
FNDA:0,(anonymous_12)
FNDA:0,(anonymous_13)
FNDA:2,(anonymous_14)
FNDA:2,(anonymous_15)
FNDA:6,(anonymous_16)
FNDA:2,(anonymous_17)
FNDA:1,(anonymous_18)
FNDA:6,(anonymous_19)
FNDA:0,(anonymous_20)
FNDA:0,(anonymous_21)
DA:5,1
DA:7,1
DA:8,17
DA:11,1
DA:12,11
DA:13,7
DA:16,1
DA:17,8
DA:18,8
DA:19,8
DA:20,4
DA:22,3
DA:26,1
DA:27,3
DA:28,3
DA:34,9
DA:36,1
DA:37,4
DA:38,2
DA:39,2
DA:40,1
DA:45,3
DA:48,1
DA:49,1
DA:50,1
DA:53,1
DA:54,2
DA:55,1
DA:57,1
DA:58,5
DA:59,1
DA:67,2
DA:68,2
DA:69,2
DA:72,1
DA:73,1
DA:74,0
DA:76,1
DA:77,6
DA:78,1
DA:79,0
DA:80,0
DA:81,0
DA:84,1
DA:85,0
DA:86,0
DA:88,0
DA:89,0
DA:90,0
DA:93,1
DA:94,2
DA:95,2
DA:96,2
DA:97,6
DA:98,2
DA:99,2
DA:100,2
DA:101,2
DA:103,2
DA:104,2
DA:105,2
DA:106,2
DA:108,2
DA:113,2
DA:115,2
DA:116,2
DA:117,2
DA:123,2
DA:126,1
DA:127,1
DA:128,6
DA:129,1
DA:130,0
DA:131,1
DA:132,1
DA:133,0
DA:134,0
DA:135,0
LF:78
LH:65
BRDA:12,0,0,4
BRDA:12,0,1,7
BRDA:19,1,0,1
BRDA:19,1,1,7
BRDA:37,2,0,2
BRDA:37,2,1,2
BRDA:37,3,0,4
BRDA:37,3,1,2
BRDA:40,4,0,1
BRDA:40,4,1,0
BRDA:54,5,0,1
BRDA:54,5,1,1
BRDA:54,6,0,2
BRDA:54,6,1,1
BRDA:62,7,0,1
BRDA:62,7,1,1
BRDA:64,8,0,2
BRDA:64,8,1,1
BRDA:73,9,0,0
BRDA:73,9,1,1
BRDA:78,10,0,1
BRDA:78,10,1,0
BRDA:85,11,0,0
BRDA:85,11,1,0
BRDA:96,12,0,0
BRDA:96,12,1,2
BRDA:97,13,0,2
BRDA:97,13,1,0
BRDA:99,14,0,2
BRDA:99,14,1,0
BRDA:100,15,0,2
BRDA:100,15,1,0
BRDA:103,16,0,2
BRDA:103,16,1,0
BRDA:116,17,0,2
BRDA:116,17,1,1
BRDA:129,18,0,1
BRDA:129,18,1,0
BRDA:130,19,0,0
BRDA:130,19,1,0
BRDA:132,20,0,0
BRDA:132,20,1,1
BRF:42
BRH:28
end_of_record
TN:
SF:src\services\subscriptions.ts
FN:6,(anonymous_0)
FN:8,(anonymous_1)
FN:29,(anonymous_2)
FN:39,(anonymous_3)
FN:46,getAllSubscriptions
FN:51,getServiceColors
FN:56,saveSubscriptions
FN:60,saveServiceColors
FN:64,addSubscription
FN:66,(anonymous_9)
FN:73,(anonymous_10)
FN:83,updateSubscription
FN:85,(anonymous_12)
FN:91,(anonymous_13)
FN:98,removeSubscription
FN:100,(anonymous_15)
FN:106,(anonymous_16)
FN:113,setServiceColor
FN:119,removeServiceColor
FNF:19
FNH:16
FNDA:6,(anonymous_0)
FNDA:1,(anonymous_1)
FNDA:14,(anonymous_2)
FNDA:8,(anonymous_3)
FNDA:10,getAllSubscriptions
FNDA:4,getServiceColors
FNDA:6,saveSubscriptions
FNDA:2,saveServiceColors
FNDA:4,addSubscription
FNDA:0,(anonymous_9)
FNDA:1,(anonymous_10)
FNDA:1,updateSubscription
FNDA:1,(anonymous_12)
FNDA:0,(anonymous_13)
FNDA:1,removeSubscription
FNDA:1,(anonymous_15)
FNDA:0,(anonymous_16)
FNDA:1,setServiceColor
FNDA:1,removeServiceColor
DA:1,1
DA:2,1
DA:6,6
DA:8,1
DA:9,1
DA:10,1
DA:29,1
DA:30,14
DA:31,14
DA:32,14
DA:33,14
DA:35,0
DA:39,1
DA:40,8
DA:41,8
DA:42,8
DA:47,10
DA:48,10
DA:52,4
DA:53,4
DA:57,6
DA:61,2
DA:65,4
DA:66,4
DA:67,4
DA:68,4
DA:69,4
DA:71,4
DA:72,1
DA:73,1
DA:75,1
DA:76,1
DA:77,1
DA:80,4
DA:84,1
DA:85,1
DA:86,1
DA:87,1
DA:88,1
DA:89,1
DA:90,0
DA:91,0
DA:92,0
DA:95,1
DA:99,1
DA:100,1
DA:101,1
DA:102,1
DA:103,1
DA:104,1
DA:105,0
DA:106,0
DA:107,0
DA:110,1
DA:114,1
DA:115,1
DA:116,1
DA:120,1
DA:121,1
DA:122,1
DA:123,1
LF:61
LH:54
BRDA:31,0,0,0
BRDA:31,0,1,14
BRDA:33,1,0,8
BRDA:33,1,1,6
BRDA:41,2,0,0
BRDA:41,2,1,8
BRDA:48,3,0,5
BRDA:48,3,1,5
BRDA:53,4,0,3
BRDA:53,4,1,1
BRDA:53,5,0,4
BRDA:53,5,1,3
BRDA:66,6,0,0
BRDA:66,6,1,4
BRDA:71,7,0,1
BRDA:71,7,1,3
BRDA:76,8,0,1
BRDA:76,8,1,0
BRDA:76,9,0,1
BRDA:76,9,1,1
BRDA:76,9,2,1
BRDA:76,10,0,1
BRDA:76,10,1,0
BRDA:77,11,0,1
BRDA:77,11,1,0
BRDA:86,12,0,0
BRDA:86,12,1,1
BRDA:89,13,0,0
BRDA:89,13,1,1
BRDA:101,14,0,0
BRDA:101,14,1,1
BRDA:104,15,0,0
BRDA:104,15,1,1
BRDA:121,16,0,1
BRDA:121,16,1,0
BRDA:121,17,0,1
BRDA:121,17,1,1
BRF:37
BRH:26
end_of_record
TN:
SF:src\services\supabase.ts
FN:11,(anonymous_0)
FN:18,(anonymous_1)
FN:32,(anonymous_2)
FN:37,(anonymous_3)
FN:45,(anonymous_4)
FN:53,(anonymous_5)
FN:72,(anonymous_6)
FN:94,(anonymous_7)
FN:102,(anonymous_8)
FNF:9
FNH:9
FNDA:2,(anonymous_0)
FNDA:2,(anonymous_1)
FNDA:30,(anonymous_2)
FNDA:42,(anonymous_3)
FNDA:8,(anonymous_4)
FNDA:6,(anonymous_5)
FNDA:4,(anonymous_6)
FNDA:3,(anonymous_7)
FNDA:1,(anonymous_8)
DA:4,5
DA:5,5
DA:7,5
DA:12,2
DA:13,2
DA:19,2
DA:20,2
DA:31,5
DA:32,5
DA:33,30
DA:37,5
DA:39,42
DA:40,19
DA:41,0
DA:42,0
DA:45,5
DA:46,8
DA:47,8
DA:48,7
DA:53,5
DA:54,6
DA:55,6
DA:56,5
DA:59,4
DA:60,1
DA:63,3
DA:64,3
DA:65,0
DA:67,3
DA:68,3
DA:69,2
DA:72,5
DA:76,4
DA:77,4
DA:78,3
DA:81,3
DA:82,1
DA:85,2
DA:86,2
DA:87,2
DA:89,2
DA:90,2
DA:91,1
DA:94,5
DA:95,3
DA:96,3
DA:97,3
DA:98,1
DA:99,0
DA:102,5
DA:103,1
DA:104,1
DA:105,1
DA:106,1
DA:107,0
LF:55
LH:50
BRDA:11,0,0,2
BRDA:18,1,0,2
BRDA:31,2,0,5
BRDA:31,2,1,0
BRDA:39,3,0,23
BRDA:39,3,1,19
BRDA:40,4,0,19
BRDA:40,4,1,0
BRDA:40,5,0,19
BRDA:40,5,1,0
BRDA:47,6,0,1
BRDA:47,6,1,7
BRDA:48,7,0,7
BRDA:48,7,1,5
BRDA:55,8,0,1
BRDA:55,8,1,5
BRDA:59,9,0,1
BRDA:59,9,1,3
BRDA:59,10,0,4
BRDA:59,10,1,1
BRDA:64,11,0,3
BRDA:64,11,1,0
BRDA:68,12,0,1
BRDA:68,12,1,2
BRDA:77,13,0,1
BRDA:77,13,1,3
BRDA:81,14,0,1
BRDA:81,14,1,2
BRDA:81,15,0,3
BRDA:81,15,1,1
BRDA:86,16,0,2
BRDA:86,16,1,0
BRDA:87,17,0,1
BRDA:87,17,1,1
BRDA:90,18,0,1
BRDA:90,18,1,1
BRDA:96,19,0,0
BRDA:96,19,1,3
BRDA:98,20,0,1
BRDA:98,20,1,0
BRDA:104,21,0,0
BRDA:104,21,1,1
BRDA:106,22,0,1
BRDA:106,22,1,0
BRF:44
BRH:35
end_of_record
TN:
SF:src\test\mocks\server.ts
FNF:0
FNH:0
DA:3,7
LF:1
LH:1
BRF:0
BRH:0
end_of_record
